{
  "RSpec": {
    "coverage": {
      "/Users/simonesmith/Makers_Academy/week_10/bank-tech-test/spec/account_spec.rb": [
        1,
        null,
        1,
        null,
        5,
        null,
        5,
        5,
        null,
        1,
        1,
        null,
        null,
        1,
        1,
        1,
        1,
        null,
        null,
        1,
        1,
        1,
        1,
        1,
        null,
        null,
        1,
        1,
        null,
        1,
        null,
        null
      ],
      "/Users/simonesmith/Makers_Academy/week_10/bank-tech-test/lib/account.rb": [
        1,
        1,
        1,
        null,
        1,
        null,
        1,
        null,
        1,
        null,
        1,
        5,
        5,
        5,
        null,
        null,
        1,
        4,
        4,
        null,
        null,
        1,
        2,
        2,
        null,
        null,
        1,
        2,
        null,
        null,
        null
      ],
      "/Users/simonesmith/Makers_Academy/week_10/bank-tech-test/lib/transaction_history.rb": [
        1,
        null,
        1,
        null,
        1,
        3,
        null,
        null,
        1,
        6,
        null,
        null,
        null
      ],
      "/Users/simonesmith/Makers_Academy/week_10/bank-tech-test/lib/printer.rb": [
        1,
        null,
        1,
        2,
        2,
        5,
        null,
        null,
        null,
        null
      ],
      "/Users/simonesmith/Makers_Academy/week_10/bank-tech-test/spec/features/bank_feature_spec.rb": [
        1,
        null,
        null,
        null,
        null,
        null,
        null,
        1,
        null,
        2,
        1,
        1,
        null,
        1,
        1,
        1,
        1,
        null,
        1,
        1,
        1,
        2,
        null,
        null
      ],
      "/Users/simonesmith/Makers_Academy/week_10/bank-tech-test/spec/printer_spec.rb": [
        1,
        null,
        1,
        null,
        2,
        null,
        2,
        null,
        1,
        1,
        null,
        2,
        null,
        null
      ],
      "/Users/simonesmith/Makers_Academy/week_10/bank-tech-test/spec/transaction_history_spec.rb": [
        1,
        null,
        1,
        null,
        3,
        null,
        3,
        null,
        1,
        1,
        null,
        1,
        null,
        null,
        1,
        1,
        1,
        null,
        1,
        null,
        null
      ]
    },
    "timestamp": 1531774702
  }
}
